<?xml version="1.0" encoding="UTF-8"?>
<!-- Generated by org.testng.reporters.JUnitXMLReporter -->
<testsuite ignored="0" hostname="pdc2-l-f1pbb54" failures="1" tests="2" name="Error Validations Test" time="37.877" errors="0" timestamp="2024-12-23T20:18:56 IST">
  <testcase classname="PragyaLearnings.Tests.ErrorValidations" name="LoginErrorValidation" time="3.121"/>
  <testcase classname="PragyaLearnings.Tests.ErrorValidations" name="ProductErrorValidation" time="2.546">
    <failure type="java.lang.AssertionError" message="expected [true] but found [false]">
      <![CDATA[java.lang.AssertionError: expected [true] but found [false]
at PragyaLearnings.Tests.ErrorValidations.ProductErrorValidation(ErrorValidations.java:53)
at java.base/java.util.ArrayList.forEach(ArrayList.java:1596)
... Removed 29 stack frames]]>
    </failure>
  </testcase> <!-- ProductErrorValidation -->
</testsuite> <!-- Error Validations Test -->
